14:14:11.857 [Worker-9] ERROR org.coocox.codb.common.log.ErrorLog - getExamplesOfCompByCompId API failed 
Connection refused: connect
java.net.PlainSocketImpl.socketConnect(Native Method)
java.net.PlainSocketImpl.doConnect(Unknown Source)
java.net.PlainSocketImpl.connectToAddress(Unknown Source)
java.net.PlainSocketImpl.connect(Unknown Source)
java.net.SocksSocketImpl.connect(Unknown Source)
java.net.Socket.connect(Unknown Source)
sun.net.NetworkClient.doConnect(Unknown Source)
sun.net.www.http.HttpClient.openServer(Unknown Source)
sun.net.www.http.HttpClient.openServer(Unknown Source)
sun.net.www.http.HttpClient.<init>(Unknown Source)
sun.net.www.http.HttpClient.New(Unknown Source)
sun.net.www.http.HttpClient.New(Unknown Source)
sun.net.www.protocol.http.HttpURLConnection.getNewHttpClient(Unknown Source)
sun.net.www.protocol.http.HttpURLConnection.plainConnect(Unknown Source)
sun.net.www.protocol.http.HttpURLConnection.connect(Unknown Source)
org.coocox.codb.common.util.URLConnUtil.doGet(URLConnUtil.java:59)
org.coocox.codb.client.core.api.impl.ExampleApiImpl.getExamplesOfCompByCompId(ExampleApiImpl.java:685)
org.coocox.codb.client.core.api.impl.ExampleApiImpl.freshExamplesByCompId(ExampleApiImpl.java:232)
org.coocox.example.core.impl.ExampleDBCmdHandler.freshExamplesByCompId(ExampleDBCmdHandler.java:51)
org.coocox.integrate.component.views.ComponentView$4$1.run(ComponentView.java:346)
org.eclipse.core.internal.jobs.Worker.run(Worker.java:54)


14:15:25.371 [Worker-22] ERROR org.coocox.codb.common.log.ErrorLog - getExamplesOfCompByCompId API failed 
Connection refused: connect
java.net.PlainSocketImpl.socketConnect(Native Method)
java.net.PlainSocketImpl.doConnect(Unknown Source)
java.net.PlainSocketImpl.connectToAddress(Unknown Source)
java.net.PlainSocketImpl.connect(Unknown Source)
java.net.SocksSocketImpl.connect(Unknown Source)
java.net.Socket.connect(Unknown Source)
sun.net.NetworkClient.doConnect(Unknown Source)
sun.net.www.http.HttpClient.openServer(Unknown Source)
sun.net.www.http.HttpClient.openServer(Unknown Source)
sun.net.www.http.HttpClient.<init>(Unknown Source)
sun.net.www.http.HttpClient.New(Unknown Source)
sun.net.www.http.HttpClient.New(Unknown Source)
sun.net.www.protocol.http.HttpURLConnection.getNewHttpClient(Unknown Source)
sun.net.www.protocol.http.HttpURLConnection.plainConnect(Unknown Source)
sun.net.www.protocol.http.HttpURLConnection.connect(Unknown Source)
org.coocox.codb.common.util.URLConnUtil.doGet(URLConnUtil.java:59)
org.coocox.codb.client.core.api.impl.ExampleApiImpl.getExamplesOfCompByCompId(ExampleApiImpl.java:685)
org.coocox.codb.client.core.api.impl.ExampleApiImpl.freshExamplesByCompId(ExampleApiImpl.java:232)
org.coocox.example.core.impl.ExampleDBCmdHandler.freshExamplesByCompId(ExampleDBCmdHandler.java:51)
org.coocox.integrate.component.views.ComponentView$4$1.run(ComponentView.java:346)
org.eclipse.core.internal.jobs.Worker.run(Worker.java:54)


14:15:32.667 [Worker-17] ERROR org.coocox.codb.common.log.ErrorLog - extraChecked  api exception!Connection refused: connect
Connection refused: connect
java.net.PlainSocketImpl.socketConnect(Native Method)
java.net.PlainSocketImpl.doConnect(Unknown Source)
java.net.PlainSocketImpl.connectToAddress(Unknown Source)
java.net.PlainSocketImpl.connect(Unknown Source)
java.net.SocksSocketImpl.connect(Unknown Source)
java.net.Socket.connect(Unknown Source)
java.net.Socket.connect(Unknown Source)
sun.net.NetworkClient.doConnect(Unknown Source)
sun.net.www.http.HttpClient.openServer(Unknown Source)
sun.net.www.http.HttpClient.openServer(Unknown Source)
sun.net.www.http.HttpClient.<init>(Unknown Source)
sun.net.www.http.HttpClient.New(Unknown Source)
sun.net.www.http.HttpClient.New(Unknown Source)
sun.net.www.protocol.http.HttpURLConnection.getNewHttpClient(Unknown Source)
sun.net.www.protocol.http.HttpURLConnection.plainConnect(Unknown Source)
sun.net.www.protocol.http.HttpURLConnection.connect(Unknown Source)
sun.net.www.protocol.http.HttpURLConnection.getOutputStream(Unknown Source)
org.coocox.codb.common.util.URLConnUtil.doPut(URLConnUtil.java:147)
org.coocox.codb.client.core.api.impl.ObjectExtraApiImpl.extraChecked(ObjectExtraApiImpl.java:57)
org.coocox.component.internal.core.database.ComponentDBCmdHandler.countCheckedComponent(ComponentDBCmdHandler.java:133)
org.coocox.example.ui.ExampleItem$2$1.run(ExampleItem.java:140)
org.eclipse.core.internal.jobs.Worker.run(Worker.java:54)


14:48:27.035 [Worker-20] ERROR org.coocox.codb.common.log.ErrorLog - getExamplesOfCompByCompId API failed 
Connection refused: connect
java.net.PlainSocketImpl.socketConnect(Native Method)
java.net.PlainSocketImpl.doConnect(Unknown Source)
java.net.PlainSocketImpl.connectToAddress(Unknown Source)
java.net.PlainSocketImpl.connect(Unknown Source)
java.net.SocksSocketImpl.connect(Unknown Source)
java.net.Socket.connect(Unknown Source)
sun.net.NetworkClient.doConnect(Unknown Source)
sun.net.www.http.HttpClient.openServer(Unknown Source)
sun.net.www.http.HttpClient.openServer(Unknown Source)
sun.net.www.http.HttpClient.<init>(Unknown Source)
sun.net.www.http.HttpClient.New(Unknown Source)
sun.net.www.http.HttpClient.New(Unknown Source)
sun.net.www.protocol.http.HttpURLConnection.getNewHttpClient(Unknown Source)
sun.net.www.protocol.http.HttpURLConnection.plainConnect(Unknown Source)
sun.net.www.protocol.http.HttpURLConnection.connect(Unknown Source)
org.coocox.codb.common.util.URLConnUtil.doGet(URLConnUtil.java:59)
org.coocox.codb.client.core.api.impl.ExampleApiImpl.getExamplesOfCompByCompId(ExampleApiImpl.java:685)
org.coocox.codb.client.core.api.impl.ExampleApiImpl.freshExamplesByCompId(ExampleApiImpl.java:232)
org.coocox.example.core.impl.ExampleDBCmdHandler.freshExamplesByCompId(ExampleDBCmdHandler.java:51)
org.coocox.integrate.component.views.ComponentView$4$1.run(ComponentView.java:346)
org.eclipse.core.internal.jobs.Worker.run(Worker.java:54)


14:48:29.723 [Worker-24] ERROR org.coocox.codb.common.log.ErrorLog - getExamplesOfCompByCompId API failed 
Connection refused: connect
java.net.PlainSocketImpl.socketConnect(Native Method)
java.net.PlainSocketImpl.doConnect(Unknown Source)
java.net.PlainSocketImpl.connectToAddress(Unknown Source)
java.net.PlainSocketImpl.connect(Unknown Source)
java.net.SocksSocketImpl.connect(Unknown Source)
java.net.Socket.connect(Unknown Source)
sun.net.NetworkClient.doConnect(Unknown Source)
sun.net.www.http.HttpClient.openServer(Unknown Source)
sun.net.www.http.HttpClient.openServer(Unknown Source)
sun.net.www.http.HttpClient.<init>(Unknown Source)
sun.net.www.http.HttpClient.New(Unknown Source)
sun.net.www.http.HttpClient.New(Unknown Source)
sun.net.www.protocol.http.HttpURLConnection.getNewHttpClient(Unknown Source)
sun.net.www.protocol.http.HttpURLConnection.plainConnect(Unknown Source)
sun.net.www.protocol.http.HttpURLConnection.connect(Unknown Source)
org.coocox.codb.common.util.URLConnUtil.doGet(URLConnUtil.java:59)
org.coocox.codb.client.core.api.impl.ExampleApiImpl.getExamplesOfCompByMcuId(ExampleApiImpl.java:760)
org.coocox.example.actions.RefreshExampleAction.initUpdateData(RefreshExampleAction.java:37)
org.coocox.example.actions.AbstractRefreshExampleAction.doThings(AbstractRefreshExampleAction.java:55)
org.coocox.common.ui.action.AbstractRefreshAction$3.run(AbstractRefreshAction.java:165)
org.eclipse.core.internal.jobs.Worker.run(Worker.java:54)


14:48:34.629 [Worker-27] ERROR org.coocox.codb.common.log.ErrorLog - getExamplesOfCompByCompId API failed 
Connection refused: connect
java.net.PlainSocketImpl.socketConnect(Native Method)
java.net.PlainSocketImpl.doConnect(Unknown Source)
java.net.PlainSocketImpl.connectToAddress(Unknown Source)
java.net.PlainSocketImpl.connect(Unknown Source)
java.net.SocksSocketImpl.connect(Unknown Source)
java.net.Socket.connect(Unknown Source)
sun.net.NetworkClient.doConnect(Unknown Source)
sun.net.www.http.HttpClient.openServer(Unknown Source)
sun.net.www.http.HttpClient.openServer(Unknown Source)
sun.net.www.http.HttpClient.<init>(Unknown Source)
sun.net.www.http.HttpClient.New(Unknown Source)
sun.net.www.http.HttpClient.New(Unknown Source)
sun.net.www.protocol.http.HttpURLConnection.getNewHttpClient(Unknown Source)
sun.net.www.protocol.http.HttpURLConnection.plainConnect(Unknown Source)
sun.net.www.protocol.http.HttpURLConnection.connect(Unknown Source)
org.coocox.codb.common.util.URLConnUtil.doGet(URLConnUtil.java:59)
org.coocox.codb.client.core.api.impl.ExampleApiImpl.getExamplesOfCompByMcuId(ExampleApiImpl.java:760)
org.coocox.example.actions.RefreshExampleAction.initUpdateData(RefreshExampleAction.java:37)
org.coocox.example.actions.AbstractRefreshExampleAction.doThings(AbstractRefreshExampleAction.java:55)
org.coocox.common.ui.action.AbstractRefreshAction$3.run(AbstractRefreshAction.java:165)
org.eclipse.core.internal.jobs.Worker.run(Worker.java:54)


16:46:21.493 [Worker-77] ERROR org.coocox.codb.common.log.ErrorLog - getExamplesOfCompByCompId API failed 
Connection refused: connect
java.net.PlainSocketImpl.socketConnect(Native Method)
java.net.PlainSocketImpl.doConnect(Unknown Source)
java.net.PlainSocketImpl.connectToAddress(Unknown Source)
java.net.PlainSocketImpl.connect(Unknown Source)
java.net.SocksSocketImpl.connect(Unknown Source)
java.net.Socket.connect(Unknown Source)
sun.net.NetworkClient.doConnect(Unknown Source)
sun.net.www.http.HttpClient.openServer(Unknown Source)
sun.net.www.http.HttpClient.openServer(Unknown Source)
sun.net.www.http.HttpClient.<init>(Unknown Source)
sun.net.www.http.HttpClient.New(Unknown Source)
sun.net.www.http.HttpClient.New(Unknown Source)
sun.net.www.protocol.http.HttpURLConnection.getNewHttpClient(Unknown Source)
sun.net.www.protocol.http.HttpURLConnection.plainConnect(Unknown Source)
sun.net.www.protocol.http.HttpURLConnection.connect(Unknown Source)
org.coocox.codb.common.util.URLConnUtil.doGet(URLConnUtil.java:59)
org.coocox.codb.client.core.api.impl.ExampleApiImpl.getExamplesOfCompByCompId(ExampleApiImpl.java:685)
org.coocox.codb.client.core.api.impl.ExampleApiImpl.freshExamplesByCompId(ExampleApiImpl.java:232)
org.coocox.example.core.impl.ExampleDBCmdHandler.freshExamplesByCompId(ExampleDBCmdHandler.java:51)
org.coocox.integrate.component.views.ComponentView$4$1.run(ComponentView.java:346)
org.eclipse.core.internal.jobs.Worker.run(Worker.java:54)


18:14:14.342 [Worker-17] ERROR org.coocox.codb.common.log.ErrorLog - getExamplesOfCompByCompId API failed 
Connection refused: connect
java.net.PlainSocketImpl.socketConnect(Native Method)
java.net.PlainSocketImpl.doConnect(Unknown Source)
java.net.PlainSocketImpl.connectToAddress(Unknown Source)
java.net.PlainSocketImpl.connect(Unknown Source)
java.net.SocksSocketImpl.connect(Unknown Source)
java.net.Socket.connect(Unknown Source)
sun.net.NetworkClient.doConnect(Unknown Source)
sun.net.www.http.HttpClient.openServer(Unknown Source)
sun.net.www.http.HttpClient.openServer(Unknown Source)
sun.net.www.http.HttpClient.<init>(Unknown Source)
sun.net.www.http.HttpClient.New(Unknown Source)
sun.net.www.http.HttpClient.New(Unknown Source)
sun.net.www.protocol.http.HttpURLConnection.getNewHttpClient(Unknown Source)
sun.net.www.protocol.http.HttpURLConnection.plainConnect(Unknown Source)
sun.net.www.protocol.http.HttpURLConnection.connect(Unknown Source)
org.coocox.codb.common.util.URLConnUtil.doGet(URLConnUtil.java:59)
org.coocox.codb.client.core.api.impl.ExampleApiImpl.getExamplesOfCompByCompId(ExampleApiImpl.java:685)
org.coocox.codb.client.core.api.impl.ExampleApiImpl.freshExamplesByCompId(ExampleApiImpl.java:232)
org.coocox.example.core.impl.ExampleDBCmdHandler.freshExamplesByCompId(ExampleDBCmdHandler.java:51)
org.coocox.integrate.component.views.ComponentView$4$1.run(ComponentView.java:346)
org.eclipse.core.internal.jobs.Worker.run(Worker.java:54)


18:14:14.654 [Worker-14] ERROR org.coocox.codb.common.log.ErrorLog - getExamplesOfCompByCompId API failed 
Connection refused: connect
java.net.PlainSocketImpl.socketConnect(Native Method)
java.net.PlainSocketImpl.doConnect(Unknown Source)
java.net.PlainSocketImpl.connectToAddress(Unknown Source)
java.net.PlainSocketImpl.connect(Unknown Source)
java.net.SocksSocketImpl.connect(Unknown Source)
java.net.Socket.connect(Unknown Source)
sun.net.NetworkClient.doConnect(Unknown Source)
sun.net.www.http.HttpClient.openServer(Unknown Source)
sun.net.www.http.HttpClient.openServer(Unknown Source)
sun.net.www.http.HttpClient.<init>(Unknown Source)
sun.net.www.http.HttpClient.New(Unknown Source)
sun.net.www.http.HttpClient.New(Unknown Source)
sun.net.www.protocol.http.HttpURLConnection.getNewHttpClient(Unknown Source)
sun.net.www.protocol.http.HttpURLConnection.plainConnect(Unknown Source)
sun.net.www.protocol.http.HttpURLConnection.connect(Unknown Source)
org.coocox.codb.common.util.URLConnUtil.doGet(URLConnUtil.java:59)
org.coocox.codb.client.core.api.impl.ExampleApiImpl.getExamplesOfCompByCompId(ExampleApiImpl.java:685)
org.coocox.codb.client.core.api.impl.ExampleApiImpl.freshExamplesByCompId(ExampleApiImpl.java:232)
org.coocox.example.core.impl.ExampleDBCmdHandler.freshExamplesByCompId(ExampleDBCmdHandler.java:51)
org.coocox.integrate.component.views.ComponentView$4$1.run(ComponentView.java:346)
org.eclipse.core.internal.jobs.Worker.run(Worker.java:54)


18:14:22.135 [Worker-18] ERROR org.coocox.codb.common.log.ErrorLog - getExamplesOfCompByCompId API failed 
Connection refused: connect
java.net.PlainSocketImpl.socketConnect(Native Method)
java.net.PlainSocketImpl.doConnect(Unknown Source)
java.net.PlainSocketImpl.connectToAddress(Unknown Source)
java.net.PlainSocketImpl.connect(Unknown Source)
java.net.SocksSocketImpl.connect(Unknown Source)
java.net.Socket.connect(Unknown Source)
sun.net.NetworkClient.doConnect(Unknown Source)
sun.net.www.http.HttpClient.openServer(Unknown Source)
sun.net.www.http.HttpClient.openServer(Unknown Source)
sun.net.www.http.HttpClient.<init>(Unknown Source)
sun.net.www.http.HttpClient.New(Unknown Source)
sun.net.www.http.HttpClient.New(Unknown Source)
sun.net.www.protocol.http.HttpURLConnection.getNewHttpClient(Unknown Source)
sun.net.www.protocol.http.HttpURLConnection.plainConnect(Unknown Source)
sun.net.www.protocol.http.HttpURLConnection.connect(Unknown Source)
org.coocox.codb.common.util.URLConnUtil.doGet(URLConnUtil.java:59)
org.coocox.codb.client.core.api.impl.ExampleApiImpl.getExamplesOfCompByCompId(ExampleApiImpl.java:685)
org.coocox.codb.client.core.api.impl.ExampleApiImpl.freshExamplesByCompId(ExampleApiImpl.java:232)
org.coocox.example.core.impl.ExampleDBCmdHandler.freshExamplesByCompId(ExampleDBCmdHandler.java:51)
org.coocox.integrate.component.views.ComponentView$4$1.run(ComponentView.java:346)
org.eclipse.core.internal.jobs.Worker.run(Worker.java:54)


18:14:29.858 [Worker-11] ERROR org.coocox.codb.common.log.ErrorLog - getExamplesOfCompByCompId API failed 
Connection refused: connect
java.net.PlainSocketImpl.socketConnect(Native Method)
java.net.PlainSocketImpl.doConnect(Unknown Source)
java.net.PlainSocketImpl.connectToAddress(Unknown Source)
java.net.PlainSocketImpl.connect(Unknown Source)
java.net.SocksSocketImpl.connect(Unknown Source)
java.net.Socket.connect(Unknown Source)
sun.net.NetworkClient.doConnect(Unknown Source)
sun.net.www.http.HttpClient.openServer(Unknown Source)
sun.net.www.http.HttpClient.openServer(Unknown Source)
sun.net.www.http.HttpClient.<init>(Unknown Source)
sun.net.www.http.HttpClient.New(Unknown Source)
sun.net.www.http.HttpClient.New(Unknown Source)
sun.net.www.protocol.http.HttpURLConnection.getNewHttpClient(Unknown Source)
sun.net.www.protocol.http.HttpURLConnection.plainConnect(Unknown Source)
sun.net.www.protocol.http.HttpURLConnection.connect(Unknown Source)
org.coocox.codb.common.util.URLConnUtil.doGet(URLConnUtil.java:59)
org.coocox.codb.client.core.api.impl.ExampleApiImpl.getExamplesOfCompByCompId(ExampleApiImpl.java:685)
org.coocox.codb.client.core.api.impl.ExampleApiImpl.freshExamplesByCompId(ExampleApiImpl.java:232)
org.coocox.example.core.impl.ExampleDBCmdHandler.freshExamplesByCompId(ExampleDBCmdHandler.java:51)
org.coocox.integrate.component.views.ComponentView$4$1.run(ComponentView.java:346)
org.eclipse.core.internal.jobs.Worker.run(Worker.java:54)


19:19:06.396 [Worker-37] ERROR org.coocox.codb.common.log.ErrorLog - getExamplesOfCompByCompId API failed 
Connection refused: connect
java.net.PlainSocketImpl.socketConnect(Native Method)
java.net.PlainSocketImpl.doConnect(Unknown Source)
java.net.PlainSocketImpl.connectToAddress(Unknown Source)
java.net.PlainSocketImpl.connect(Unknown Source)
java.net.SocksSocketImpl.connect(Unknown Source)
java.net.Socket.connect(Unknown Source)
sun.net.NetworkClient.doConnect(Unknown Source)
sun.net.www.http.HttpClient.openServer(Unknown Source)
sun.net.www.http.HttpClient.openServer(Unknown Source)
sun.net.www.http.HttpClient.<init>(Unknown Source)
sun.net.www.http.HttpClient.New(Unknown Source)
sun.net.www.http.HttpClient.New(Unknown Source)
sun.net.www.protocol.http.HttpURLConnection.getNewHttpClient(Unknown Source)
sun.net.www.protocol.http.HttpURLConnection.plainConnect(Unknown Source)
sun.net.www.protocol.http.HttpURLConnection.connect(Unknown Source)
org.coocox.codb.common.util.URLConnUtil.doGet(URLConnUtil.java:59)
org.coocox.codb.client.core.api.impl.ExampleApiImpl.getExamplesOfCompByCompId(ExampleApiImpl.java:685)
org.coocox.codb.client.core.api.impl.ExampleApiImpl.freshExamplesByCompId(ExampleApiImpl.java:232)
org.coocox.example.core.impl.ExampleDBCmdHandler.freshExamplesByCompId(ExampleDBCmdHandler.java:51)
org.coocox.integrate.component.views.ComponentView$4$1.run(ComponentView.java:346)
org.eclipse.core.internal.jobs.Worker.run(Worker.java:54)


19:19:13.599 [Worker-32] ERROR org.coocox.codb.common.log.ErrorLog - getExamplesOfCompByCompId API failed 
Connection refused: connect
java.net.PlainSocketImpl.socketConnect(Native Method)
java.net.PlainSocketImpl.doConnect(Unknown Source)
java.net.PlainSocketImpl.connectToAddress(Unknown Source)
java.net.PlainSocketImpl.connect(Unknown Source)
java.net.SocksSocketImpl.connect(Unknown Source)
java.net.Socket.connect(Unknown Source)
sun.net.NetworkClient.doConnect(Unknown Source)
sun.net.www.http.HttpClient.openServer(Unknown Source)
sun.net.www.http.HttpClient.openServer(Unknown Source)
sun.net.www.http.HttpClient.<init>(Unknown Source)
sun.net.www.http.HttpClient.New(Unknown Source)
sun.net.www.http.HttpClient.New(Unknown Source)
sun.net.www.protocol.http.HttpURLConnection.getNewHttpClient(Unknown Source)
sun.net.www.protocol.http.HttpURLConnection.plainConnect(Unknown Source)
sun.net.www.protocol.http.HttpURLConnection.connect(Unknown Source)
org.coocox.codb.common.util.URLConnUtil.doGet(URLConnUtil.java:59)
org.coocox.codb.client.core.api.impl.ExampleApiImpl.getExamplesOfCompByCompId(ExampleApiImpl.java:685)
org.coocox.codb.client.core.api.impl.ExampleApiImpl.freshExamplesByCompId(ExampleApiImpl.java:232)
org.coocox.example.core.impl.ExampleDBCmdHandler.freshExamplesByCompId(ExampleDBCmdHandler.java:51)
org.coocox.integrate.component.views.ComponentView$4$1.run(ComponentView.java:346)
org.eclipse.core.internal.jobs.Worker.run(Worker.java:54)


